[3] 2021-Apr-21 17:34:41 Saving config file: Count 1
[3] 2021-Apr-21 17:34:41 STARTING CYCLE OF 10 REBOOTS
[3] 2021-Apr-21 17:35:01 ABOUT TO REBOOT, COUNT 1
[3] 2021-Apr-22 15:51:30 Saving config file: Count 1
[3] 2021-Apr-22 15:51:30 STARTING CYCLE OF 10 REBOOTS
[3] 2021-Apr-22 15:51:50 ABOUT TO REBOOT, COUNT 1
[3] 2021-May-01 17:28:27 Saving config file: Count 1
[3] 2021-May-01 17:28:27 STARTING CYCLE OF 10 REBOOTS
[3] 2021-May-01 17:28:47 ABOUT TO REBOOT, COUNT 1
[3] 2021-May-02 22:13:41 Saving config file: Count 1
[3] 2021-May-02 22:13:41 STARTING CYCLE OF 10 REBOOTS
[3] 2021-May-02 22:14:01 ABOUT TO REBOOT, COUNT 1
[3] 2021-May-05 09:56:30 Saving config file: Count 1
[3] 2021-May-05 09:56:30 STARTING CYCLE OF 10 REBOOTS
[3] 2021-May-05 09:56:50 ABOUT TO REBOOT, COUNT 1
[3] 2021-Sep-14 20:09:30 Saving config file: Count 1
[3] 2021-Sep-14 20:09:30 STARTING CYCLE OF 10 REBOOTS
[3] 2021-Sep-14 20:09:50 ABOUT TO REBOOT, COUNT 1
[3] 2021-Sep-15 18:38:08 Saving config file: Count 1
[3] 2021-Sep-15 18:38:08 STARTING CYCLE OF 10 REBOOTS
[3] 2021-Sep-15 18:38:28 ABOUT TO REBOOT, COUNT 1
[3] 2021-Sep-15 22:55:59 Saving config file: Count 1
[3] 2021-Sep-15 22:55:59 STARTING CYCLE OF 10 REBOOTS
[3] 2021-Sep-15 22:56:19 ABOUT TO REBOOT, COUNT 1
[3] 2021-Sep-16 21:04:50 Saving config file: Count 1
[3] 2021-Sep-16 21:04:50 STARTING CYCLE OF 10 REBOOTS
[3] 2021-Sep-16 21:05:10 ABOUT TO REBOOT, COUNT 1
[3] 2021-Sep-17 09:47:06 Saving config file: Count 1
[3] 2021-Sep-17 09:47:06 STARTING CYCLE OF 10 REBOOTS
[3] 2021-Sep-17 09:47:26 ABOUT TO REBOOT, COUNT 1
[3] 2021-Sep-24 23:51:09 Saving config file: Count 1
[3] 2021-Sep-24 23:51:09 STARTING CYCLE OF 10 REBOOTS
[3] 2021-Sep-24 23:51:29 ABOUT TO REBOOT, COUNT 1
[3] 2021-Sep-28 01:18:36 Saving config file: Count 1
[3] 2021-Sep-28 01:18:36 STARTING CYCLE OF 10 REBOOTS
[3] 2021-Sep-28 01:18:56 ABOUT TO REBOOT, COUNT 1
[3] 2021-Sep-28 21:51:54 Saving config file: Count 1
[3] 2021-Sep-28 21:51:54 STARTING CYCLE OF 10 REBOOTS
[3] 2021-Sep-28 21:52:14 ABOUT TO REBOOT, COUNT 1
[3] 2021-Sep-29 20:51:47 Saving config file: Count 1
[3] 2021-Sep-29 20:51:47 STARTING CYCLE OF 10 REBOOTS
[3] 2021-Sep-29 20:52:07 ABOUT TO REBOOT, COUNT 1
[3] 2021-Sep-30 17:37:28 Saving config file: Count 1
[3] 2021-Sep-30 17:37:28 STARTING CYCLE OF 10 REBOOTS
[3] 2021-Sep-30 17:37:49 ABOUT TO REBOOT, COUNT 1
